2023-11-15 15:50:14,056 INFO notifyConnectTimeout:200

2023-11-15 15:50:14,068 INFO notifySocketTimeout:8000

2023-11-15 15:50:14,068 INFO isHealthCheck:true

2023-11-15 15:50:14,068 INFO maxHealthCheckFailCount:12

2023-11-15 15:50:14,068 INFO maxContent:10485760

2023-11-15 15:50:20,015 INFO use local db service for init

2023-11-15 15:50:21,051 WARN Lexical error at line 4, column 66.  Encountered: <EOF> after : "".

2023-11-15 15:50:21,078 WARN Syntax error: Encountered "*" at line 1, column 1.

2023-11-15 15:50:21,123 WARN Table/View 'CONFIG_INFO' already exists in Schema 'NACOS'.

2023-11-15 15:50:21,189 WARN Table/View 'HIS_CONFIG_INFO' already exists in Schema 'NACOS'.

2023-11-15 15:50:21,213 WARN Table/View 'CONFIG_INFO_BETA' already exists in Schema 'NACOS'.

2023-11-15 15:50:21,221 WARN Table/View 'CONFIG_INFO_TAG' already exists in Schema 'NACOS'.

2023-11-15 15:50:21,230 WARN Table/View 'CONFIG_INFO_AGGR' already exists in Schema 'NACOS'.

2023-11-15 15:50:21,239 WARN Table/View 'APP_LIST' already exists in Schema 'NACOS'.

2023-11-15 15:50:21,249 WARN Table/View 'APP_CONFIGDATA_RELATION_SUBS' already exists in Schema 'NACOS'.

2023-11-15 15:50:21,256 WARN Table/View 'APP_CONFIGDATA_RELATION_PUBS' already exists in Schema 'NACOS'.

2023-11-15 15:50:21,265 WARN Table/View 'CONFIG_TAGS_RELATION' already exists in Schema 'NACOS'.

2023-11-15 15:50:21,278 WARN Table/View 'GROUP_CAPACITY' already exists in Schema 'NACOS'.

2023-11-15 15:50:21,286 WARN Table/View 'TENANT_CAPACITY' already exists in Schema 'NACOS'.

2023-11-15 15:50:21,294 WARN Table/View 'TENANT_INFO' already exists in Schema 'NACOS'.

2023-11-15 15:50:21,308 WARN Table/View 'USERS' already exists in Schema 'NACOS'.

2023-11-15 15:50:21,315 WARN Table/View 'ROLES' already exists in Schema 'NACOS'.

2023-11-15 15:50:21,322 WARN Table/View 'PERMISSIONS' already exists in Schema 'NACOS'.

2023-11-15 15:50:21,403 WARN The statement was aborted because it would have caused a duplicate key value in a unique or primary key constraint or unique index identified by 'SQL231024112037640' defined on 'USERS'.

2023-11-15 15:50:21,411 WARN The statement was aborted because it would have caused a duplicate key value in a unique or primary key constraint or unique index identified by 'UK_USERNAME_ROLE' defined on 'ROLES'.

2023-11-15 15:50:21,412 WARN Lexical error at line 4, column 13.  Encountered: "`" (96), after : "".

2023-11-15 15:50:21,414 WARN Lexical error at line 1, column 13.  Encountered: "`" (96), after : "".

2023-11-15 15:50:21,415 WARN Lexical error at line 1, column 13.  Encountered: "`" (96), after : "".

2023-11-15 15:50:21,415 WARN Lexical error at line 1, column 13.  Encountered: "`" (96), after : "".

2023-11-15 15:50:21,415 INFO use StandaloneDatabaseOperateImpl

2023-11-15 15:50:23,392 WARN DumpService start

2023-11-15 15:50:23,394 INFO start clear all config-info.

2023-11-15 15:50:23,396 WARN clear all config-info failed.

2023-11-15 15:50:23,396 WARN clear all config-info-tenant failed.

2023-11-15 15:50:23,728 INFO [all-dump] 690833220912783360 / 690833220912783360

2023-11-15 15:50:23,728 INFO start clear all config-info-beta.

2023-11-15 15:50:23,729 WARN clear all config-info-beta failed.

2023-11-15 15:50:23,729 WARN clear all config-info-beta-tenant failed.

2023-11-15 15:50:23,753 INFO start clear all config-info-tag.

2023-11-15 15:50:23,753 WARN clear all config-info-tag failed.

2023-11-15 15:50:23,753 WARN clear all config-info-tag-tenant failed.

