2023-11-15 08:30:49,554 WARN HikariPool-1 - Thread starvation or clock leap detected (housekeeper delta=14h48m43s443ms905µs100ns).

2023-11-15 08:30:53,540 WARN clearConfigHistory start

2023-11-15 08:36:20,901 INFO [capacityManagement] start correct usage

2023-11-15 08:36:20,903 INFO [capacityManagement] end correct usage, cost: 0s

2023-11-15 08:40:53,561 WARN clearConfigHistory start

2023-11-15 08:46:20,918 INFO [capacityManagement] start correct usage

2023-11-15 08:46:20,920 INFO [capacityManagement] end correct usage, cost: 0s

2023-11-15 08:50:53,567 WARN clearConfigHistory start

2023-11-15 08:56:20,929 INFO [capacityManagement] start correct usage

2023-11-15 08:56:20,930 INFO [capacityManagement] end correct usage, cost: 0s

2023-11-15 09:00:53,574 WARN clearConfigHistory start

2023-11-15 09:06:20,938 INFO [capacityManagement] start correct usage

2023-11-15 09:06:20,939 INFO [capacityManagement] end correct usage, cost: 0s

2023-11-15 09:10:53,592 WARN clearConfigHistory start

2023-11-15 09:16:20,954 INFO [capacityManagement] start correct usage

2023-11-15 09:16:20,956 INFO [capacityManagement] end correct usage, cost: 0s

2023-11-15 09:20:53,596 WARN clearConfigHistory start

2023-11-15 09:26:20,956 INFO [capacityManagement] start correct usage

2023-11-15 09:26:20,958 INFO [capacityManagement] end correct usage, cost: 0s

2023-11-15 09:30:53,605 WARN clearConfigHistory start

2023-11-15 09:36:20,961 INFO [capacityManagement] start correct usage

2023-11-15 09:36:20,965 INFO [capacityManagement] end correct usage, cost: 0s

2023-11-15 09:40:53,619 WARN clearConfigHistory start

2023-11-15 09:46:20,972 INFO [capacityManagement] start correct usage

2023-11-15 09:46:20,978 INFO [capacityManagement] end correct usage, cost: 0s

2023-11-15 09:50:53,630 WARN clearConfigHistory start

2023-11-15 09:56:20,991 INFO [capacityManagement] start correct usage

2023-11-15 09:56:20,992 INFO [capacityManagement] end correct usage, cost: 0s

2023-11-15 10:00:53,638 WARN clearConfigHistory start

2023-11-15 10:06:21,006 INFO [capacityManagement] start correct usage

2023-11-15 10:06:21,010 INFO [capacityManagement] end correct usage, cost: 0s

2023-11-15 10:10:53,652 WARN clearConfigHistory start

2023-11-15 10:16:21,017 INFO [capacityManagement] start correct usage

2023-11-15 10:16:21,030 INFO [capacityManagement] end correct usage, cost: 0s

2023-11-15 10:20:53,691 WARN clearConfigHistory start

2023-11-15 10:26:21,033 INFO [capacityManagement] start correct usage

2023-11-15 10:26:21,034 INFO [capacityManagement] end correct usage, cost: 0s

2023-11-15 10:30:53,711 WARN clearConfigHistory start

2023-11-15 10:36:21,039 INFO [capacityManagement] start correct usage

2023-11-15 10:36:21,042 INFO [capacityManagement] end correct usage, cost: 0s

2023-11-15 10:40:53,716 WARN clearConfigHistory start

2023-11-15 10:46:21,057 INFO [capacityManagement] start correct usage

2023-11-15 10:46:21,060 INFO [capacityManagement] end correct usage, cost: 0s

2023-11-15 10:50:53,726 WARN clearConfigHistory start

2023-11-15 10:56:21,065 INFO [capacityManagement] start correct usage

2023-11-15 10:56:21,068 INFO [capacityManagement] end correct usage, cost: 0s

2023-11-15 11:00:53,744 WARN clearConfigHistory start

2023-11-15 11:06:21,069 INFO [capacityManagement] start correct usage

2023-11-15 11:06:21,074 INFO [capacityManagement] end correct usage, cost: 0s

2023-11-15 11:10:53,763 WARN clearConfigHistory start

2023-11-15 11:16:21,081 INFO [capacityManagement] start correct usage

2023-11-15 11:16:21,083 INFO [capacityManagement] end correct usage, cost: 0s

2023-11-15 11:20:53,774 WARN clearConfigHistory start

2023-11-15 11:26:21,084 INFO [capacityManagement] start correct usage

2023-11-15 11:26:21,088 INFO [capacityManagement] end correct usage, cost: 0s

2023-11-15 11:30:53,784 WARN clearConfigHistory start

2023-11-15 11:36:21,102 INFO [capacityManagement] start correct usage

2023-11-15 11:36:21,103 INFO [capacityManagement] end correct usage, cost: 0s

2023-11-15 15:50:14,082 INFO Starting Nacos v1.4.1 on DESKTOP-KRSAC5O with PID 6852 (D:\nacos\target\nacos-server.jar started by user in D:\nacos\bin)

2023-11-15 15:50:14,083 INFO The following profiles are active: standalone

2023-11-15 15:50:18,713 INFO Bean 'org.springframework.security.access.expression.method.DefaultMethodSecurityExpressionHandler@6aa61224' of type [org.springframework.security.access.expression.method.DefaultMethodSecurityExpressionHandler] is not eligible for getting processed by all BeanPostProcessors (for example: not eligible for auto-proxying)

2023-11-15 15:50:18,719 INFO Bean 'methodSecurityMetadataSource' of type [org.springframework.security.access.method.DelegatingMethodSecurityMetadataSource] is not eligible for getting processed by all BeanPostProcessors (for example: not eligible for auto-proxying)

2023-11-15 15:50:19,255 INFO Tomcat initialized with port(s): 8848 (http)

2023-11-15 15:50:19,293 INFO Starting service [Tomcat]

2023-11-15 15:50:19,294 INFO Starting Servlet engine: [Apache Tomcat/9.0.38]

2023-11-15 15:50:19,657 INFO At least one JAR was scanned for TLDs yet contained no TLDs. Enable debug logging for this logger for a complete list of JARs that were scanned but no TLDs were found in them. Skipping unneeded JARs during scanning can improve startup time and JSP compilation time.

2023-11-15 15:50:19,697 INFO Initializing Spring embedded WebApplicationContext

2023-11-15 15:50:19,697 INFO Root WebApplicationContext: initialization completed in 5515 ms

2023-11-15 15:50:20,483 INFO HikariPool-1 - Starting...

2023-11-15 15:50:20,487 WARN Registered driver with driverClassName=org.apache.derby.jdbc.EmbeddedDriver was not found, trying direct instantiation.

2023-11-15 15:50:20,910 INFO HikariPool-1 - Driver does not support get/set network timeout for connections. (Feature not implemented: No details.)

2023-11-15 15:50:20,915 INFO HikariPool-1 - Start completed.

2023-11-15 15:50:22,106 INFO Nacos-related cluster resource initialization

2023-11-15 15:50:22,118 INFO The cluster resource is initialized

2023-11-15 15:50:22,890 INFO Reflections took 76 ms to scan 1 urls, producing 4 keys and 6 values 

2023-11-15 15:50:22,937 INFO Reflections took 7 ms to scan 1 urls, producing 6 keys and 26 values 

2023-11-15 15:50:22,966 INFO Reflections took 7 ms to scan 1 urls, producing 3 keys and 15 values 

2023-11-15 15:50:22,992 INFO Reflections took 2 ms to scan 1 urls, producing 2 keys and 12 values 

2023-11-15 15:50:24,488 INFO Initializing ExecutorService 'applicationTaskExecutor'

2023-11-15 15:50:24,686 INFO Adding welcome page: class path resource [static/index.html]

2023-11-15 15:50:25,402 INFO Creating filter chain: Ant [pattern='/**'], []

2023-11-15 15:50:25,462 INFO Creating filter chain: any request, [org.springframework.security.web.context.request.async.WebAsyncManagerIntegrationFilter@62f87c44, org.springframework.security.web.context.SecurityContextPersistenceFilter@3a0807b7, org.springframework.security.web.header.HeaderWriterFilter@2e8ab815, org.springframework.security.web.csrf.CsrfFilter@f31c0c6, org.springframework.security.web.authentication.logout.LogoutFilter@5489c777, org.springframework.security.web.savedrequest.RequestCacheAwareFilter@5769e7ae, org.springframework.security.web.servletapi.SecurityContextHolderAwareRequestFilter@287f94b1, org.springframework.security.web.authentication.AnonymousAuthenticationFilter@48f5bde6, org.springframework.security.web.session.SessionManagementFilter@d1f74b8, org.springframework.security.web.access.ExceptionTranslationFilter@4a9419d7]

2023-11-15 15:50:25,700 INFO Initializing ExecutorService 'taskScheduler'

2023-11-15 15:50:25,774 INFO Exposing 2 endpoint(s) beneath base path '/actuator'

2023-11-15 15:50:25,974 INFO Tomcat started on port(s): 8848 (http) with context path '/nacos'

2023-11-15 15:50:25,983 INFO Started Nacos in 13.48 seconds (JVM running for 14.453)

2023-11-15 15:50:25,983 INFO Nacos started successfully in stand alone mode. use embedded storage

2023-11-15 15:50:42,318 INFO Initializing Spring DispatcherServlet 'dispatcherServlet'

2023-11-15 15:50:42,318 INFO Initializing Servlet 'dispatcherServlet'

2023-11-15 15:50:42,327 INFO Completed initialization in 8 ms

2023-11-15 16:00:23,297 INFO [capacityManagement] start correct usage

2023-11-15 16:00:23,341 INFO [capacityManagement] end correct usage, cost: 0s

2023-11-15 16:00:23,783 WARN clearConfigHistory start

