2023-11-15 08:31:51,420 INFO PERFORMANCE:|0|0|-1|-1

2023-11-15 08:36:51,427 INFO PERFORMANCE:|0|0|-1|-1

2023-11-15 08:41:51,433 INFO PERFORMANCE:|0|0|-1|-1

2023-11-15 08:46:51,441 INFO PERFORMANCE:|0|0|-1|-1

2023-11-15 08:51:51,451 INFO PERFORMANCE:|0|0|-1|-1

2023-11-15 08:56:51,456 INFO PERFORMANCE:|0|0|-1|-1

2023-11-15 09:01:51,471 INFO PERFORMANCE:|0|0|-1|-1

2023-11-15 09:06:51,478 INFO PERFORMANCE:|0|0|-1|-1

2023-11-15 09:11:51,489 INFO PERFORMANCE:|0|0|-1|-1

2023-11-15 09:16:51,492 INFO PERFORMANCE:|0|0|-1|-1

2023-11-15 09:21:51,501 INFO PERFORMANCE:|0|0|-1|-1

2023-11-15 09:26:51,510 INFO PERFORMANCE:|0|0|-1|-1

2023-11-15 09:31:51,514 INFO PERFORMANCE:|0|0|-1|-1

2023-11-15 09:36:51,516 INFO PERFORMANCE:|1|1|-1|-1

2023-11-15 09:41:51,522 INFO PERFORMANCE:|1|1|-1|-1

2023-11-15 09:46:51,530 INFO PERFORMANCE:|1|1|-1|-1

2023-11-15 09:51:51,537 INFO PERFORMANCE:|1|1|-1|-1

2023-11-15 09:56:51,551 INFO PERFORMANCE:|1|1|-1|-1

2023-11-15 10:01:51,568 INFO PERFORMANCE:|1|1|-1|-1

2023-11-15 10:06:51,581 INFO PERFORMANCE:|2|0|-1|-1

2023-11-15 10:11:51,594 INFO PERFORMANCE:|0|0|-1|-1

2023-11-15 10:16:51,596 INFO PERFORMANCE:|0|0|-1|-1

2023-11-15 10:21:51,609 INFO PERFORMANCE:|0|0|-1|-1

2023-11-15 10:26:51,624 INFO PERFORMANCE:|0|0|-1|-1

2023-11-15 10:31:51,629 INFO PERFORMANCE:|0|0|-1|-1

2023-11-15 10:36:51,635 INFO PERFORMANCE:|0|0|-1|-1

2023-11-15 10:41:51,643 INFO PERFORMANCE:|0|0|-1|-1

2023-11-15 10:46:51,649 INFO PERFORMANCE:|0|0|-1|-1

2023-11-15 10:51:51,657 INFO PERFORMANCE:|0|0|-1|-1

2023-11-15 10:56:51,659 INFO PERFORMANCE:|0|0|-1|-1

2023-11-15 11:01:51,666 INFO PERFORMANCE:|0|0|-1|-1

2023-11-15 11:06:51,678 INFO PERFORMANCE:|0|0|-1|-1

2023-11-15 11:11:51,684 INFO PERFORMANCE:|0|0|-1|-1

2023-11-15 11:16:51,691 INFO PERFORMANCE:|0|0|-1|-1

2023-11-15 11:21:51,696 INFO PERFORMANCE:|0|0|-1|-1

2023-11-15 11:26:51,707 INFO PERFORMANCE:|0|0|-1|-1

2023-11-15 11:31:51,714 INFO PERFORMANCE:|0|0|-1|-1

2023-11-15 11:36:51,719 INFO PERFORMANCE:|0|0|-1|-1

2023-11-15 15:50:53,801 INFO PERFORMANCE:|1|1|13|13

2023-11-15 15:55:53,812 INFO PERFORMANCE:|2|2|-1|-1

2023-11-15 16:00:53,820 INFO PERFORMANCE:|2|2|-1|-1

