2023-11-24 16:41:17,965 INFO raft peers changed: [Member{ip='192.168.81.1', port=8848, state=UP, extendInfo={raftPort=7848}}]

2023-11-24 16:41:18,006 INFO initializing Raft sub-system

2023-11-24 16:41:18,006 INFO finish loading all datums, size: 0 cost 0 ms.

2023-11-24 16:41:18,011 INFO cache loaded, datum count: 0, current term: 0

2023-11-24 16:41:18,011 INFO finish to load data from disk, cost: 5 ms.

2023-11-24 16:41:18,014 INFO timer started: leader timeout ms: 15000, heart-beat timeout ms: 5000

2023-11-24 16:41:19,072 INFO add listener: com.alibaba.nacos.naming.domains.meta.00-00---000-NACOS_SWITCH_DOMAIN-000---00-00

2023-11-24 16:41:19,109 INFO add listener: com.alibaba.nacos.naming.domains.meta.

2023-11-24 16:41:22,954 WARN start to close old raft protocol!!!

2023-11-24 16:41:22,954 WARN stop old raft protocol task for notifier

2023-11-24 16:41:22,954 WARN stop old raft protocol task for master task

2023-11-24 16:41:22,954 WARN stop old raft protocol task for heartbeat task

2023-11-24 16:41:22,954 WARN clean old cache datum for old raft

2023-11-24 16:41:22,954 WARN start to close old raft protocol!!!

2023-11-24 16:41:22,954 WARN stop old raft protocol task for notifier

2023-11-24 16:41:22,954 WARN stop old raft protocol task for master task

2023-11-24 16:41:22,954 WARN stop old raft protocol task for heartbeat task

2023-11-24 16:41:22,954 WARN clean old cache datum for old raft

2023-11-24 16:41:22,954 WARN start to move old raft protocol metadata

2023-11-24 16:41:22,958 WARN start to move old raft protocol metadata

2023-11-24 16:41:22,959 INFO raft peers changed: [Member{ip='192.168.81.1', port=8848, state=UP, extendInfo={lastRefreshTime=1700815282957, raftPort=7848, version=1.4.1}}]

2023-11-24 16:42:00,824 INFO add listener: com.alibaba.nacos.naming.iplist.public##DEFAULT_GROUP@@orderservice

2023-11-24 16:42:05,665 INFO add listener: com.alibaba.nacos.naming.iplist.public##DEFAULT_GROUP@@userservice

